0 info it worked if it ends with ok
1 verbose cli [ 'C:\\Program Files\\nodejs\\node.exe',
1 verbose cli   'C:\\Program Files\\nodejs\\node_modules\\npm\\bin\\npm-cli.js',
1 verbose cli   'run',
1 verbose cli   'build' ]
2 info using npm@3.8.2
3 info using node@v4.4.0
4 verbose run-script [ 'prebuild', 'build', 'postbuild' ]
5 info lifecycle cv-online@1.0.0~prebuild: cv-online@1.0.0
6 silly lifecycle cv-online@1.0.0~prebuild: no script for prebuild, continuing
7 info lifecycle cv-online@1.0.0~build: cv-online@1.0.0
8 verbose lifecycle cv-online@1.0.0~build: unsafe-perm in lifecycle true
9 verbose lifecycle cv-online@1.0.0~build: PATH: C:\Program Files\nodejs\node_modules\npm\bin\node-gyp-bin;D:\github\cv-online\node_modules\.bin;C:\Program Files\nodejs;C:\Users\John Doe\bin;D:\- SOFTWARE\PortableGit\mingw32\bin;D:\- SOFTWARE\PortableGit\usr\local\bin;D:\- SOFTWARE\PortableGit\usr\bin;D:\- SOFTWARE\PortableGit\usr\bin;D:\- SOFTWARE\PortableGit\mingw32\bin;D:\- SOFTWARE\PortableGit\usr\bin;C:\Users\John Doe\bin;C:\ProgramData\Oracle\Java\javapath;C:\Program Files (x86)\NVIDIA Corporation\PhysX\Common;C:\Program Files (x86)\Intel\iCLS Client;C:\Program Files\Intel\iCLS Client;C:\WINDOWS\system32;C:\WINDOWS;C:\WINDOWS\System32\Wbem;C:\WINDOWS\System32\WindowsPowerShell\v1.0;C:\Program Files\Intel\Intel(R) Management Engine Components\DAL;C:\Program Files\Intel\Intel(R) Management Engine Components\IPT;C:\Program Files (x86)\Intel\Intel(R) Management Engine Components\DAL;C:\Program Files (x86)\Intel\Intel(R) Management Engine Components\IPT;C:\Program Files\Java\jdk1.8.0_11\bin;C:\Program Files (x86)\GNU\GnuPG\pub;C:\Program Files\OpenVPN\bin;C:\Program Files (x86)\Skype\Phone;C:\Program Files\nodejs;C:\Program Files\Intel\WiFi\bin;C:\Program Files\Common Files\Intel\WirelessCommon;C:\Program Files (x86)\Git\cmd;C:\Program Files (x86)\Git\bin;C:\Users\John Doe\AppData\Roaming\npm'SET PATH=C;D:\- SOFTWARE\PortableGit\ProgramData\Oracle\Java\javapath;C:\Program Files (x86)\NVIDIA Corporation\PhysX\Common;C:\Program Files (x86)\Intel\iCLS Client;C:\Program Files\Intel\iCLS Client;C:\WINDOWS\system32;C:\WINDOWS;C:\WINDOWS\System32\Wbem;C:\WINDOWS\System32\WindowsPowerShell\v1.0;C:\Program Files\Intel\Intel(R) Management Engine Components\DAL;C:\Program Files\Intel\Intel(R) Management Engine Components\IPT;C:\Program Files (x86)\Intel\Intel(R) Management Engine Components\DAL;C:\Program Files (x86)\Intel\Intel(R) Management Engine Components\IPT;C:\Program Files\Java\jdk1.8.0_11\bin;C:\Program Files (x86)\GNU\GnuPG\pub;C:\Program Files\OpenVPN\bin;C:\Program Files (x86)\Skype\Phone;C:\Program Files\nodejs;C:\Program Files\Intel\WiFi\bin;C:\Program Files\Common Files\Intel\WirelessCommon;C:\wamp\bin\php\php5.5.12\';'SET PATH=C;D:\- SOFTWARE\PortableGit\Program Files (x86)\Java\jre1.8.0_25\bin';C:\Users\John Doe\AppData\Local\Coral Poker\data\QT;C:\Users\John Doe\AppData\Local\Coral Poker\data\OpenSSL;C:\Program Files\Intel\WiFi\bin;C:\Program Files\Common Files\Intel\WirelessCommon;C:\Users\John Doe\AppData\Local\Microsoft\WindowsApps;D:\- SOFTWARE\PortableGit\usr\bin\vendor_perl;D:\- SOFTWARE\PortableGit\usr\bin\core_perl
10 verbose lifecycle cv-online@1.0.0~build: CWD: D:\github\cv-online
11 silly lifecycle cv-online@1.0.0~build: Args: [ '/d /s /c', 'jsfiles' ]
12 silly lifecycle cv-online@1.0.0~build: Returned: code: 1  signal: null
13 info lifecycle cv-online@1.0.0~build: Failed to exec build script
14 verbose stack Error: cv-online@1.0.0 build: `jsfiles`
14 verbose stack Exit status 1
14 verbose stack     at EventEmitter.<anonymous> (C:\Program Files\nodejs\node_modules\npm\lib\utils\lifecycle.js:239:16)
14 verbose stack     at emitTwo (events.js:87:13)
14 verbose stack     at EventEmitter.emit (events.js:172:7)
14 verbose stack     at ChildProcess.<anonymous> (C:\Program Files\nodejs\node_modules\npm\lib\utils\spawn.js:24:14)
14 verbose stack     at emitTwo (events.js:87:13)
14 verbose stack     at ChildProcess.emit (events.js:172:7)
14 verbose stack     at maybeClose (internal/child_process.js:827:16)
14 verbose stack     at Process.ChildProcess._handle.onexit (internal/child_process.js:211:5)
15 verbose pkgid cv-online@1.0.0
16 verbose cwd D:\github\cv-online
17 error Windows_NT 10.0.14393
18 error argv "C:\\Program Files\\nodejs\\node.exe" "C:\\Program Files\\nodejs\\node_modules\\npm\\bin\\npm-cli.js" "run" "build"
19 error node v4.4.0
20 error npm  v3.8.2
21 error code ELIFECYCLE
22 error cv-online@1.0.0 build: `jsfiles`
22 error Exit status 1
23 error Failed at the cv-online@1.0.0 build script 'jsfiles'.
23 error Make sure you have the latest version of node.js and npm installed.
23 error If you do, this is most likely a problem with the cv-online package,
23 error not with npm itself.
23 error Tell the author that this fails on your system:
23 error     jsfiles
23 error You can get information on how to open an issue for this project with:
23 error     npm bugs cv-online
23 error Or if that isn't available, you can get their info via:
23 error     npm owner ls cv-online
23 error There is likely additional logging output above.
24 verbose exit [ 1, true ]
